[2022-02-11 19:06:29] Текст ошибки: syntax error, unexpected '}' | Файл: F:\WebServer\domains\workplace.loc\app\views\Main\index.php | Строка: 23
--------------------
[2022-02-11 19:06:29] Текст ошибки: Страница не найдена | Файл: F:\WebServer\domains\workplace.loc\vendor\workplace\core\Router.php | Строка: 49
--------------------
[2022-02-11 20:23:45] Текст ошибки: SQLSTATE[42000]: Syntax error or access violation: 1064 You have an error in your SQL syntax; check the manual that corresponds to your MySQL server version for the right syntax to use near ')) ORDER BY partner LIMIT 8, 8  -- keep-cache' at line 1 | Файл: F:\WebServer\domains\workplace.loc\vendor\gabordemooij\redbean\RedBeanPHP\Driver\RPDO.php | Строка: 202
--------------------
[2022-02-11 20:23:45] Текст ошибки: Страница не найдена | Файл: F:\WebServer\domains\workplace.loc\vendor\workplace\core\Router.php | Строка: 49
--------------------
[2022-02-11 20:23:52] Текст ошибки: SQLSTATE[42000]: Syntax error or access violation: 1064 You have an error in your SQL syntax; check the manual that corresponds to your MySQL server version for the right syntax to use near ')) ORDER BY partner LIMIT 0, 8  -- keep-cache' at line 1 | Файл: F:\WebServer\domains\workplace.loc\vendor\gabordemooij\redbean\RedBeanPHP\Driver\RPDO.php | Строка: 202
--------------------
[2022-02-11 20:23:52] Текст ошибки: Страница не найдена | Файл: F:\WebServer\domains\workplace.loc\vendor\workplace\core\Router.php | Строка: 49
--------------------
[2022-02-12 08:30:03] Текст ошибки: Страница не найдена | Файл: F:\WebServer\domains\workplace.loc\vendor\workplace\core\Router.php | Строка: 49
--------------------
[2022-02-12 08:32:59] Текст ошибки: Страница не найдена | Файл: F:\WebServer\domains\workplace.loc\vendor\workplace\core\Router.php | Строка: 49
--------------------
[2022-02-12 08:50:07] Текст ошибки: Страница не найдена | Файл: F:\WebServer\domains\workplace.loc\vendor\workplace\core\Router.php | Строка: 49
--------------------
[2022-02-12 08:59:24] Текст ошибки: Страница не найдена | Файл: F:\WebServer\domains\workplace.loc\vendor\workplace\core\Router.php | Строка: 49
--------------------
[2022-02-12 08:59:26] Текст ошибки: Страница не найдена | Файл: F:\WebServer\domains\workplace.loc\vendor\workplace\core\Router.php | Строка: 49
--------------------
[2022-02-12 09:00:13] Текст ошибки: Страница не найдена | Файл: F:\WebServer\domains\workplace.loc\vendor\workplace\core\Router.php | Строка: 49
--------------------
[2022-02-12 09:34:32] Текст ошибки: Страница не найдена | Файл: F:\WebServer\domains\workplace.loc\vendor\workplace\core\Router.php | Строка: 49
--------------------
[2022-02-12 15:39:36] Текст ошибки: Страница не найдена | Файл: F:\WebServer\domains\workplace.loc\vendor\workplace\core\Router.php | Строка: 49
--------------------
[2022-02-12 15:42:23] Текст ошибки: Страница не найдена | Файл: F:\WebServer\domains\workplace.loc\vendor\workplace\core\Router.php | Строка: 49
--------------------
[2022-02-12 15:43:00] Текст ошибки: Страница не найдена | Файл: F:\WebServer\domains\workplace.loc\vendor\workplace\core\Router.php | Строка: 49
--------------------
[2022-02-12 15:43:21] Текст ошибки: Страница не найдена | Файл: F:\WebServer\domains\workplace.loc\vendor\workplace\core\Router.php | Строка: 49
--------------------
[2022-02-12 15:43:23] Текст ошибки: Страница не найдена | Файл: F:\WebServer\domains\workplace.loc\vendor\workplace\core\Router.php | Строка: 49
--------------------
[2022-02-12 15:44:49] Текст ошибки: Страница не найдена | Файл: F:\WebServer\domains\workplace.loc\vendor\workplace\core\Router.php | Строка: 49
--------------------
[2022-02-12 16:44:15] Текст ошибки: Страница не найдена | Файл: F:\WebServer\domains\workplace.loc\vendor\workplace\core\Router.php | Строка: 49
--------------------
[2022-02-12 16:44:56] Текст ошибки: Страница не найдена | Файл: F:\WebServer\domains\workplace.loc\vendor\workplace\core\Router.php | Строка: 49
--------------------
[2022-02-12 16:45:58] Текст ошибки: Страница не найдена | Файл: F:\WebServer\domains\workplace.loc\vendor\workplace\core\Router.php | Строка: 49
--------------------
[2022-02-12 16:47:15] Текст ошибки: Страница не найдена | Файл: F:\WebServer\domains\workplace.loc\vendor\workplace\core\Router.php | Строка: 49
--------------------
[2022-02-12 16:57:24] Текст ошибки: Страница не найдена | Файл: F:\WebServer\domains\workplace.loc\vendor\workplace\core\Router.php | Строка: 49
--------------------
[2022-02-12 16:57:26] Текст ошибки: Страница не найдена | Файл: F:\WebServer\domains\workplace.loc\vendor\workplace\core\Router.php | Строка: 49
--------------------
[2022-02-12 16:57:45] Текст ошибки: Страница не найдена | Файл: F:\WebServer\domains\workplace.loc\vendor\workplace\core\Router.php | Строка: 49
--------------------
[2022-02-12 16:58:29] Текст ошибки: Страница не найдена | Файл: F:\WebServer\domains\workplace.loc\vendor\workplace\core\Router.php | Строка: 49
--------------------
[2022-02-12 17:02:57] Текст ошибки: [] operator not supported for strings | Файл: F:\WebServer\domains\workplace.loc\app\controllers\MainController.php | Строка: 65
--------------------
[2022-02-12 17:02:57] Текст ошибки: Страница не найдена | Файл: F:\WebServer\domains\workplace.loc\vendor\workplace\core\Router.php | Строка: 49
--------------------
[2022-02-12 17:03:41] Текст ошибки: [] operator not supported for strings | Файл: F:\WebServer\domains\workplace.loc\app\controllers\MainController.php | Строка: 65
--------------------
[2022-02-12 17:03:42] Текст ошибки: Страница не найдена | Файл: F:\WebServer\domains\workplace.loc\vendor\workplace\core\Router.php | Строка: 49
--------------------
[2022-02-12 17:13:13] Текст ошибки: [] operator not supported for strings | Файл: F:\WebServer\domains\workplace.loc\app\controllers\MainController.php | Строка: 65
--------------------
[2022-02-12 17:13:13] Текст ошибки: Страница не найдена | Файл: F:\WebServer\domains\workplace.loc\vendor\workplace\core\Router.php | Строка: 49
--------------------
[2022-02-12 17:13:46] Текст ошибки: Страница не найдена | Файл: F:\WebServer\domains\workplace.loc\vendor\workplace\core\Router.php | Строка: 49
--------------------
[2022-02-12 17:15:28] Текст ошибки: Страница не найдена | Файл: F:\WebServer\domains\workplace.loc\vendor\workplace\core\Router.php | Строка: 49
--------------------
[2022-02-12 17:17:04] Текст ошибки: Страница не найдена | Файл: F:\WebServer\domains\workplace.loc\vendor\workplace\core\Router.php | Строка: 49
--------------------
[2022-02-13 09:04:39] Текст ошибки: Страница не найдена | Файл: F:\WebServer\domains\workplace.loc\vendor\workplace\core\Router.php | Строка: 49
--------------------
[2022-02-13 09:07:05] Текст ошибки: Страница не найдена | Файл: F:\WebServer\domains\workplace.loc\vendor\workplace\core\Router.php | Строка: 49
--------------------
[2022-02-13 09:16:19] Текст ошибки: syntax error, unexpected '[', expecting identifier (T_STRING) or variable (T_VARIABLE) or '{' or '$' | Файл: F:\WebServer\domains\workplace.loc\app\views\Main\index.php | Строка: 26
--------------------
[2022-02-13 09:16:19] Текст ошибки: Страница не найдена | Файл: F:\WebServer\domains\workplace.loc\vendor\workplace\core\Router.php | Строка: 49
--------------------
[2022-02-13 16:52:16] Текст ошибки: Страница не найдена | Файл: F:\WebServer\domains\workplace.loc\vendor\workplace\core\Router.php | Строка: 49
--------------------
[2022-02-13 16:52:17] Текст ошибки: Страница не найдена | Файл: F:\WebServer\domains\workplace.loc\vendor\workplace\core\Router.php | Строка: 49
--------------------
[2022-02-13 17:17:29] Текст ошибки: Контроллер app\controllers\ReceiptController не найден | Файл: F:\WebServer\domains\workplace.loc\vendor\workplace\core\Router.php | Строка: 46
--------------------
[2022-02-13 17:17:29] Текст ошибки: Страница не найдена | Файл: F:\WebServer\domains\workplace.loc\vendor\workplace\core\Router.php | Строка: 49
--------------------
[2022-02-14 19:19:17] Текст ошибки: Контроллер app\controllers\ReceiptController не найден | Файл: F:\WebServer\domains\workplace.loc\vendor\workplace\core\Router.php | Строка: 46
--------------------
[2022-02-14 19:19:18] Текст ошибки: Страница не найдена | Файл: F:\WebServer\domains\workplace.loc\vendor\workplace\core\Router.php | Строка: 49
--------------------
[2022-02-14 19:19:58] Текст ошибки: Контроллер app\controllers\ReceiptController не найден | Файл: F:\WebServer\domains\workplace.loc\vendor\workplace\core\Router.php | Строка: 46
--------------------
[2022-02-14 19:19:58] Текст ошибки: Страница не найдена | Файл: F:\WebServer\domains\workplace.loc\vendor\workplace\core\Router.php | Строка: 49
--------------------
[2022-02-17 16:56:34] Текст ошибки: Страница не найдена | Файл: F:\WebServer\domains\workplace.loc\vendor\workplace\core\Router.php | Строка: 49
--------------------
[2022-02-17 16:59:05] Текст ошибки: Страница не найдена | Файл: F:\WebServer\domains\workplace.loc\vendor\workplace\core\Router.php | Строка: 49
--------------------
[2022-02-19 15:47:43] Текст ошибки: Контроллер app\controllers\ReceiptController не найден | Файл: F:\WebServer\domains\workplace.loc\vendor\workplace\core\Router.php | Строка: 46
--------------------
[2022-02-19 15:47:43] Текст ошибки: Страница не найдена | Файл: F:\WebServer\domains\workplace.loc\vendor\workplace\core\Router.php | Строка: 49
--------------------
[2022-02-19 17:02:54] Текст ошибки: SQLSTATE[42S22]: Column not found: 1054 Unknown column 'id_partner' in 'field list' | Файл: F:\WebServer\domains\workplace.loc\vendor\gabordemooij\redbean\RedBeanPHP\Driver\RPDO.php | Строка: 202
--------------------
[2022-02-19 17:02:55] Текст ошибки: Страница не найдена | Файл: F:\WebServer\domains\workplace.loc\vendor\workplace\core\Router.php | Строка: 49
--------------------
[2022-02-19 19:25:28] Текст ошибки: SQLSTATE[23000]: Integrity constraint violation: 1452 Cannot add or update a child row: a foreign key constraint fails (`workplace`.`er`, CONSTRAINT `budget_item` FOREIGN KEY (`id_budget_item`) REFERENCES `budget_items` (`id`)) | Файл: F:\WebServer\domains\workplace.loc\vendor\gabordemooij\redbean\RedBeanPHP\Driver\RPDO.php | Строка: 202
--------------------
[2022-02-19 19:25:28] Текст ошибки: Страница не найдена | Файл: F:\WebServer\domains\workplace.loc\vendor\workplace\core\Router.php | Строка: 49
--------------------
[2022-02-20 08:13:35] Текст ошибки: Метод app\controllers\ReceiptController::paymentAction не найден | Файл: F:\WebServer\domains\workplace.loc\vendor\workplace\core\Router.php | Строка: 42
--------------------
[2022-02-20 14:47:43] Текст ошибки: Метод app\controllers\ReceiptController::paymentAction не найден | Файл: F:\WebServer\domains\workplace.loc\vendor\workplace\core\Router.php | Строка: 42
--------------------
[2022-02-21 18:28:40] Текст ошибки: Файл вида F:\WebServer\domains\workplace.loc/app/views/Receipt/pay.php не найден | Файл: F:\WebServer\domains\workplace.loc\vendor\workplace\core\base\View.php | Строка: 55
--------------------
[2022-02-21 18:29:32] Текст ошибки: Файл вида F:\WebServer\domains\workplace.loc/app/views/Receipt/pay.php не найден | Файл: F:\WebServer\domains\workplace.loc\vendor\workplace\core\base\View.php | Строка: 55
--------------------
[2022-02-21 18:32:13] Текст ошибки: Файл вида F:\WebServer\domains\workplace.loc/app/views/Receipt/pay.php не найден | Файл: F:\WebServer\domains\workplace.loc\vendor\workplace\core\base\View.php | Строка: 55
--------------------
[2022-02-21 18:48:04] Текст ошибки: Страница не найдена | Файл: F:\WebServer\domains\workplace.loc\vendor\workplace\core\Router.php | Строка: 49
--------------------
[2022-02-21 18:48:04] Текст ошибки: Страница не найдена | Файл: F:\WebServer\domains\workplace.loc\vendor\workplace\core\Router.php | Строка: 49
--------------------
[2022-02-21 18:48:04] Текст ошибки: Страница не найдена | Файл: F:\WebServer\domains\workplace.loc\vendor\workplace\core\Router.php | Строка: 49
--------------------
[2022-02-21 18:48:04] Текст ошибки: Страница не найдена | Файл: F:\WebServer\domains\workplace.loc\vendor\workplace\core\Router.php | Строка: 49
--------------------
[2022-02-21 18:48:04] Текст ошибки: Страница не найдена | Файл: F:\WebServer\domains\workplace.loc\vendor\workplace\core\Router.php | Строка: 49
--------------------
[2022-02-21 18:48:04] Текст ошибки: Страница не найдена | Файл: F:\WebServer\domains\workplace.loc\vendor\workplace\core\Router.php | Строка: 49
--------------------
[2022-02-21 18:48:08] Текст ошибки: Страница не найдена | Файл: F:\WebServer\domains\workplace.loc\vendor\workplace\core\Router.php | Строка: 49
--------------------
[2022-02-21 18:48:08] Текст ошибки: Страница не найдена | Файл: F:\WebServer\domains\workplace.loc\vendor\workplace\core\Router.php | Строка: 49
--------------------
[2022-02-21 18:48:09] Текст ошибки: Страница не найдена | Файл: F:\WebServer\domains\workplace.loc\vendor\workplace\core\Router.php | Строка: 49
--------------------
[2022-02-21 18:48:09] Текст ошибки: Страница не найдена | Файл: F:\WebServer\domains\workplace.loc\vendor\workplace\core\Router.php | Строка: 49
--------------------
[2022-02-21 18:48:09] Текст ошибки: Страница не найдена | Файл: F:\WebServer\domains\workplace.loc\vendor\workplace\core\Router.php | Строка: 49
--------------------
[2022-02-21 19:32:16] Текст ошибки: Страница не найдена | Файл: F:\WebServer\domains\workplace.loc\vendor\workplace\core\Router.php | Строка: 49
--------------------
[2022-02-21 19:32:16] Текст ошибки: Страница не найдена | Файл: F:\WebServer\domains\workplace.loc\vendor\workplace\core\Router.php | Строка: 49
--------------------
[2022-02-21 19:32:16] Текст ошибки: Страница не найдена | Файл: F:\WebServer\domains\workplace.loc\vendor\workplace\core\Router.php | Строка: 49
--------------------
[2022-02-21 19:32:16] Текст ошибки: Страница не найдена | Файл: F:\WebServer\domains\workplace.loc\vendor\workplace\core\Router.php | Строка: 49
--------------------
[2022-02-21 19:32:16] Текст ошибки: Страница не найдена | Файл: F:\WebServer\domains\workplace.loc\vendor\workplace\core\Router.php | Строка: 49
--------------------
[2022-02-21 19:37:59] Текст ошибки: Страница не найдена | Файл: F:\WebServer\domains\workplace.loc\vendor\workplace\core\Router.php | Строка: 49
--------------------
[2022-02-21 19:38:00] Текст ошибки: Страница не найдена | Файл: F:\WebServer\domains\workplace.loc\vendor\workplace\core\Router.php | Строка: 49
--------------------
[2022-02-21 19:38:00] Текст ошибки: Страница не найдена | Файл: F:\WebServer\domains\workplace.loc\vendor\workplace\core\Router.php | Строка: 49
--------------------
[2022-02-21 19:38:00] Текст ошибки: Страница не найдена | Файл: F:\WebServer\domains\workplace.loc\vendor\workplace\core\Router.php | Строка: 49
--------------------
[2022-02-21 19:38:00] Текст ошибки: Страница не найдена | Файл: F:\WebServer\domains\workplace.loc\vendor\workplace\core\Router.php | Строка: 49
--------------------
[2022-02-21 19:39:02] Текст ошибки: Страница не найдена | Файл: F:\WebServer\domains\workplace.loc\vendor\workplace\core\Router.php | Строка: 49
--------------------
[2022-02-21 19:39:02] Текст ошибки: Страница не найдена | Файл: F:\WebServer\domains\workplace.loc\vendor\workplace\core\Router.php | Строка: 49
--------------------
[2022-02-21 19:39:02] Текст ошибки: Страница не найдена | Файл: F:\WebServer\domains\workplace.loc\vendor\workplace\core\Router.php | Строка: 49
--------------------
[2022-02-21 19:39:02] Текст ошибки: Страница не найдена | Файл: F:\WebServer\domains\workplace.loc\vendor\workplace\core\Router.php | Строка: 49
--------------------
[2022-02-21 19:39:02] Текст ошибки: Страница не найдена | Файл: F:\WebServer\domains\workplace.loc\vendor\workplace\core\Router.php | Строка: 49
--------------------
[2022-02-21 19:39:02] Текст ошибки: Страница не найдена | Файл: F:\WebServer\domains\workplace.loc\vendor\workplace\core\Router.php | Строка: 49
--------------------
[2022-02-21 19:40:32] Текст ошибки: Страница не найдена | Файл: F:\WebServer\domains\workplace.loc\vendor\workplace\core\Router.php | Строка: 49
--------------------
[2022-02-21 19:40:32] Текст ошибки: Страница не найдена | Файл: F:\WebServer\domains\workplace.loc\vendor\workplace\core\Router.php | Строка: 49
--------------------
[2022-02-21 19:40:32] Текст ошибки: Страница не найдена | Файл: F:\WebServer\domains\workplace.loc\vendor\workplace\core\Router.php | Строка: 49
--------------------
[2022-02-21 19:40:33] Текст ошибки: Страница не найдена | Файл: F:\WebServer\domains\workplace.loc\vendor\workplace\core\Router.php | Строка: 49
--------------------
[2022-02-21 19:40:33] Текст ошибки: Страница не найдена | Файл: F:\WebServer\domains\workplace.loc\vendor\workplace\core\Router.php | Строка: 49
--------------------
[2022-02-21 19:40:33] Текст ошибки: Страница не найдена | Файл: F:\WebServer\domains\workplace.loc\vendor\workplace\core\Router.php | Строка: 49
--------------------
[2022-02-21 19:42:14] Текст ошибки: Страница не найдена | Файл: F:\WebServer\domains\workplace.loc\vendor\workplace\core\Router.php | Строка: 49
--------------------
[2022-02-21 19:42:14] Текст ошибки: Страница не найдена | Файл: F:\WebServer\domains\workplace.loc\vendor\workplace\core\Router.php | Строка: 49
--------------------
[2022-02-21 19:42:14] Текст ошибки: Страница не найдена | Файл: F:\WebServer\domains\workplace.loc\vendor\workplace\core\Router.php | Строка: 49
--------------------
[2022-02-21 19:42:14] Текст ошибки: Страница не найдена | Файл: F:\WebServer\domains\workplace.loc\vendor\workplace\core\Router.php | Строка: 49
--------------------
[2022-02-21 19:42:14] Текст ошибки: Страница не найдена | Файл: F:\WebServer\domains\workplace.loc\vendor\workplace\core\Router.php | Строка: 49
--------------------
[2022-02-21 19:42:14] Текст ошибки: Страница не найдена | Файл: F:\WebServer\domains\workplace.loc\vendor\workplace\core\Router.php | Строка: 49
--------------------
[2022-02-21 19:44:20] Текст ошибки: Страница не найдена | Файл: F:\WebServer\domains\workplace.loc\vendor\workplace\core\Router.php | Строка: 49
--------------------
[2022-02-21 19:44:20] Текст ошибки: Страница не найдена | Файл: F:\WebServer\domains\workplace.loc\vendor\workplace\core\Router.php | Строка: 49
--------------------
[2022-02-21 19:44:20] Текст ошибки: Страница не найдена | Файл: F:\WebServer\domains\workplace.loc\vendor\workplace\core\Router.php | Строка: 49
--------------------
[2022-02-21 19:44:20] Текст ошибки: Страница не найдена | Файл: F:\WebServer\domains\workplace.loc\vendor\workplace\core\Router.php | Строка: 49
--------------------
[2022-02-21 19:44:20] Текст ошибки: Страница не найдена | Файл: F:\WebServer\domains\workplace.loc\vendor\workplace\core\Router.php | Строка: 49
--------------------
[2022-02-21 19:44:20] Текст ошибки: Страница не найдена | Файл: F:\WebServer\domains\workplace.loc\vendor\workplace\core\Router.php | Строка: 49
--------------------
[2022-02-21 19:45:33] Текст ошибки: Страница не найдена | Файл: F:\WebServer\domains\workplace.loc\vendor\workplace\core\Router.php | Строка: 49
--------------------
[2022-02-21 19:45:33] Текст ошибки: Страница не найдена | Файл: F:\WebServer\domains\workplace.loc\vendor\workplace\core\Router.php | Строка: 49
--------------------
[2022-02-21 19:45:33] Текст ошибки: Страница не найдена | Файл: F:\WebServer\domains\workplace.loc\vendor\workplace\core\Router.php | Строка: 49
--------------------
[2022-02-21 19:45:33] Текст ошибки: Страница не найдена | Файл: F:\WebServer\domains\workplace.loc\vendor\workplace\core\Router.php | Строка: 49
--------------------
[2022-02-21 19:45:33] Текст ошибки: Страница не найдена | Файл: F:\WebServer\domains\workplace.loc\vendor\workplace\core\Router.php | Строка: 49
--------------------
[2022-02-21 19:45:33] Текст ошибки: Страница не найдена | Файл: F:\WebServer\domains\workplace.loc\vendor\workplace\core\Router.php | Строка: 49
--------------------
[2022-02-21 19:50:11] Текст ошибки: Страница не найдена | Файл: F:\WebServer\domains\workplace.loc\vendor\workplace\core\Router.php | Строка: 49
--------------------
[2022-02-21 19:50:11] Текст ошибки: Страница не найдена | Файл: F:\WebServer\domains\workplace.loc\vendor\workplace\core\Router.php | Строка: 49
--------------------
[2022-02-21 19:50:11] Текст ошибки: Страница не найдена | Файл: F:\WebServer\domains\workplace.loc\vendor\workplace\core\Router.php | Строка: 49
--------------------
[2022-02-21 19:50:11] Текст ошибки: Страница не найдена | Файл: F:\WebServer\domains\workplace.loc\vendor\workplace\core\Router.php | Строка: 49
--------------------
[2022-02-21 19:50:11] Текст ошибки: Страница не найдена | Файл: F:\WebServer\domains\workplace.loc\vendor\workplace\core\Router.php | Строка: 49
--------------------
[2022-02-21 19:50:11] Текст ошибки: Страница не найдена | Файл: F:\WebServer\domains\workplace.loc\vendor\workplace\core\Router.php | Строка: 49
--------------------
[2022-02-21 19:50:15] Текст ошибки: Call to undefined function dataYear() | Файл: F:\WebServer\domains\workplace.loc\app\views\Receipt\payment_add_modal.php | Строка: 33
--------------------
[2022-02-21 19:55:45] Текст ошибки: Страница не найдена | Файл: F:\WebServer\domains\workplace.loc\vendor\workplace\core\Router.php | Строка: 49
--------------------
[2022-02-21 19:55:45] Текст ошибки: Страница не найдена | Файл: F:\WebServer\domains\workplace.loc\vendor\workplace\core\Router.php | Строка: 49
--------------------
[2022-02-21 19:55:45] Текст ошибки: Страница не найдена | Файл: F:\WebServer\domains\workplace.loc\vendor\workplace\core\Router.php | Строка: 49
--------------------
[2022-02-21 19:55:46] Текст ошибки: Страница не найдена | Файл: F:\WebServer\domains\workplace.loc\vendor\workplace\core\Router.php | Строка: 49
--------------------
[2022-02-21 19:55:46] Текст ошибки: Страница не найдена | Файл: F:\WebServer\domains\workplace.loc\vendor\workplace\core\Router.php | Строка: 49
--------------------
[2022-02-21 19:57:24] Текст ошибки: Страница не найдена | Файл: F:\WebServer\domains\workplace.loc\vendor\workplace\core\Router.php | Строка: 49
--------------------
[2022-02-21 19:57:24] Текст ошибки: Страница не найдена | Файл: F:\WebServer\domains\workplace.loc\vendor\workplace\core\Router.php | Строка: 49
--------------------
[2022-02-21 19:57:24] Текст ошибки: Страница не найдена | Файл: F:\WebServer\domains\workplace.loc\vendor\workplace\core\Router.php | Строка: 49
--------------------
[2022-02-21 19:57:24] Текст ошибки: Страница не найдена | Файл: F:\WebServer\domains\workplace.loc\vendor\workplace\core\Router.php | Строка: 49
--------------------
[2022-02-21 19:57:24] Текст ошибки: Страница не найдена | Файл: F:\WebServer\domains\workplace.loc\vendor\workplace\core\Router.php | Строка: 49
--------------------
[2022-02-21 19:57:24] Текст ошибки: Страница не найдена | Файл: F:\WebServer\domains\workplace.loc\vendor\workplace\core\Router.php | Строка: 49
--------------------
[2022-02-21 19:58:45] Текст ошибки: Страница не найдена | Файл: F:\WebServer\domains\workplace.loc\vendor\workplace\core\Router.php | Строка: 49
--------------------
[2022-02-21 19:58:45] Текст ошибки: Страница не найдена | Файл: F:\WebServer\domains\workplace.loc\vendor\workplace\core\Router.php | Строка: 49
--------------------
[2022-02-21 19:58:45] Текст ошибки: Страница не найдена | Файл: F:\WebServer\domains\workplace.loc\vendor\workplace\core\Router.php | Строка: 49
--------------------
[2022-02-21 19:58:45] Текст ошибки: Страница не найдена | Файл: F:\WebServer\domains\workplace.loc\vendor\workplace\core\Router.php | Строка: 49
--------------------
[2022-02-21 19:58:45] Текст ошибки: Страница не найдена | Файл: F:\WebServer\domains\workplace.loc\vendor\workplace\core\Router.php | Строка: 49
--------------------
[2022-02-21 19:58:45] Текст ошибки: Страница не найдена | Файл: F:\WebServer\domains\workplace.loc\vendor\workplace\core\Router.php | Строка: 49
--------------------
[2022-02-21 20:00:04] Текст ошибки: Страница не найдена | Файл: F:\WebServer\domains\workplace.loc\vendor\workplace\core\Router.php | Строка: 49
--------------------
[2022-02-21 20:00:04] Текст ошибки: Страница не найдена | Файл: F:\WebServer\domains\workplace.loc\vendor\workplace\core\Router.php | Строка: 49
--------------------
[2022-02-21 20:00:04] Текст ошибки: Страница не найдена | Файл: F:\WebServer\domains\workplace.loc\vendor\workplace\core\Router.php | Строка: 49
--------------------
[2022-02-21 20:00:05] Текст ошибки: Страница не найдена | Файл: F:\WebServer\domains\workplace.loc\vendor\workplace\core\Router.php | Строка: 49
--------------------
[2022-02-21 20:00:05] Текст ошибки: Страница не найдена | Файл: F:\WebServer\domains\workplace.loc\vendor\workplace\core\Router.php | Строка: 49
--------------------
[2022-02-21 20:00:05] Текст ошибки: Страница не найдена | Файл: F:\WebServer\domains\workplace.loc\vendor\workplace\core\Router.php | Строка: 49
--------------------
[2022-02-21 20:01:59] Текст ошибки: Страница не найдена | Файл: F:\WebServer\domains\workplace.loc\vendor\workplace\core\Router.php | Строка: 49
--------------------
[2022-02-21 20:01:59] Текст ошибки: Страница не найдена | Файл: F:\WebServer\domains\workplace.loc\vendor\workplace\core\Router.php | Строка: 49
--------------------
[2022-02-21 20:01:59] Текст ошибки: Страница не найдена | Файл: F:\WebServer\domains\workplace.loc\vendor\workplace\core\Router.php | Строка: 49
--------------------
[2022-02-21 20:01:59] Текст ошибки: Страница не найдена | Файл: F:\WebServer\domains\workplace.loc\vendor\workplace\core\Router.php | Строка: 49
--------------------
[2022-02-21 20:01:59] Текст ошибки: Страница не найдена | Файл: F:\WebServer\domains\workplace.loc\vendor\workplace\core\Router.php | Строка: 49
--------------------
[2022-02-21 20:01:59] Текст ошибки: Страница не найдена | Файл: F:\WebServer\domains\workplace.loc\vendor\workplace\core\Router.php | Строка: 49
--------------------
[2022-02-21 20:02:23] Текст ошибки: Страница не найдена | Файл: F:\WebServer\domains\workplace.loc\vendor\workplace\core\Router.php | Строка: 49
--------------------
[2022-02-21 20:02:23] Текст ошибки: Страница не найдена | Файл: F:\WebServer\domains\workplace.loc\vendor\workplace\core\Router.php | Строка: 49
--------------------
[2022-02-21 20:02:23] Текст ошибки: Страница не найдена | Файл: F:\WebServer\domains\workplace.loc\vendor\workplace\core\Router.php | Строка: 49
--------------------
[2022-02-21 20:02:23] Текст ошибки: Страница не найдена | Файл: F:\WebServer\domains\workplace.loc\vendor\workplace\core\Router.php | Строка: 49
--------------------
[2022-02-21 20:02:23] Текст ошибки: Страница не найдена | Файл: F:\WebServer\domains\workplace.loc\vendor\workplace\core\Router.php | Строка: 49
--------------------
[2022-02-21 20:02:23] Текст ошибки: Страница не найдена | Файл: F:\WebServer\domains\workplace.loc\vendor\workplace\core\Router.php | Строка: 49
--------------------
[2022-02-21 20:07:14] Текст ошибки: Страница не найдена | Файл: F:\WebServer\domains\workplace.loc\vendor\workplace\core\Router.php | Строка: 49
--------------------
[2022-02-21 20:07:14] Текст ошибки: Страница не найдена | Файл: F:\WebServer\domains\workplace.loc\vendor\workplace\core\Router.php | Строка: 49
--------------------
[2022-02-21 20:07:14] Текст ошибки: Страница не найдена | Файл: F:\WebServer\domains\workplace.loc\vendor\workplace\core\Router.php | Строка: 49
--------------------
[2022-02-21 20:07:16] Текст ошибки: Страница не найдена | Файл: F:\WebServer\domains\workplace.loc\vendor\workplace\core\Router.php | Строка: 49
--------------------
[2022-02-21 20:07:16] Текст ошибки: Страница не найдена | Файл: F:\WebServer\domains\workplace.loc\vendor\workplace\core\Router.php | Строка: 49
--------------------
[2022-02-21 20:09:27] Текст ошибки: Страница не найдена | Файл: F:\WebServer\domains\workplace.loc\vendor\workplace\core\Router.php | Строка: 49
--------------------
[2022-02-21 20:09:27] Текст ошибки: Страница не найдена | Файл: F:\WebServer\domains\workplace.loc\vendor\workplace\core\Router.php | Строка: 49
--------------------
[2022-02-21 20:09:27] Текст ошибки: Страница не найдена | Файл: F:\WebServer\domains\workplace.loc\vendor\workplace\core\Router.php | Строка: 49
--------------------
[2022-02-21 20:09:27] Текст ошибки: Страница не найдена | Файл: F:\WebServer\domains\workplace.loc\vendor\workplace\core\Router.php | Строка: 49
--------------------
[2022-02-21 20:09:28] Текст ошибки: Страница не найдена | Файл: F:\WebServer\domains\workplace.loc\vendor\workplace\core\Router.php | Строка: 49
--------------------
[2022-02-21 20:09:28] Текст ошибки: Страница не найдена | Файл: F:\WebServer\domains\workplace.loc\vendor\workplace\core\Router.php | Строка: 49
--------------------
[2022-02-21 20:10:49] Текст ошибки: Страница не найдена | Файл: F:\WebServer\domains\workplace.loc\vendor\workplace\core\Router.php | Строка: 49
--------------------
[2022-02-21 20:10:49] Текст ошибки: Страница не найдена | Файл: F:\WebServer\domains\workplace.loc\vendor\workplace\core\Router.php | Строка: 49
--------------------
[2022-02-21 20:10:49] Текст ошибки: Страница не найдена | Файл: F:\WebServer\domains\workplace.loc\vendor\workplace\core\Router.php | Строка: 49
--------------------
[2022-02-21 20:10:49] Текст ошибки: Страница не найдена | Файл: F:\WebServer\domains\workplace.loc\vendor\workplace\core\Router.php | Строка: 49
--------------------
[2022-02-21 20:10:49] Текст ошибки: Страница не найдена | Файл: F:\WebServer\domains\workplace.loc\vendor\workplace\core\Router.php | Строка: 49
--------------------
[2022-02-21 20:10:55] Текст ошибки: Страница не найдена | Файл: F:\WebServer\domains\workplace.loc\vendor\workplace\core\Router.php | Строка: 49
--------------------
[2022-02-21 20:10:55] Текст ошибки: Страница не найдена | Файл: F:\WebServer\domains\workplace.loc\vendor\workplace\core\Router.php | Строка: 49
--------------------
[2022-02-21 20:10:55] Текст ошибки: Страница не найдена | Файл: F:\WebServer\domains\workplace.loc\vendor\workplace\core\Router.php | Строка: 49
--------------------
[2022-02-21 20:10:55] Текст ошибки: Страница не найдена | Файл: F:\WebServer\domains\workplace.loc\vendor\workplace\core\Router.php | Строка: 49
--------------------
[2022-02-21 20:10:55] Текст ошибки: Страница не найдена | Файл: F:\WebServer\domains\workplace.loc\vendor\workplace\core\Router.php | Строка: 49
--------------------
[2022-02-21 20:10:55] Текст ошибки: Страница не найдена | Файл: F:\WebServer\domains\workplace.loc\vendor\workplace\core\Router.php | Строка: 49
--------------------
[2022-02-21 20:13:27] Текст ошибки: Страница не найдена | Файл: F:\WebServer\domains\workplace.loc\vendor\workplace\core\Router.php | Строка: 49
--------------------
[2022-02-21 20:13:27] Текст ошибки: Страница не найдена | Файл: F:\WebServer\domains\workplace.loc\vendor\workplace\core\Router.php | Строка: 49
--------------------
[2022-02-21 20:13:27] Текст ошибки: Страница не найдена | Файл: F:\WebServer\domains\workplace.loc\vendor\workplace\core\Router.php | Строка: 49
--------------------
[2022-02-21 20:13:27] Текст ошибки: Страница не найдена | Файл: F:\WebServer\domains\workplace.loc\vendor\workplace\core\Router.php | Строка: 49
--------------------
[2022-02-21 20:13:27] Текст ошибки: Страница не найдена | Файл: F:\WebServer\domains\workplace.loc\vendor\workplace\core\Router.php | Строка: 49
--------------------
[2022-02-21 20:13:27] Текст ошибки: Страница не найдена | Файл: F:\WebServer\domains\workplace.loc\vendor\workplace\core\Router.php | Строка: 49
--------------------
[2022-02-21 20:13:39] Текст ошибки: Страница не найдена | Файл: F:\WebServer\domains\workplace.loc\vendor\workplace\core\Router.php | Строка: 49
--------------------
[2022-02-21 20:13:39] Текст ошибки: Страница не найдена | Файл: F:\WebServer\domains\workplace.loc\vendor\workplace\core\Router.php | Строка: 49
--------------------
[2022-02-21 20:13:39] Текст ошибки: Страница не найдена | Файл: F:\WebServer\domains\workplace.loc\vendor\workplace\core\Router.php | Строка: 49
--------------------
[2022-02-21 20:13:39] Текст ошибки: Страница не найдена | Файл: F:\WebServer\domains\workplace.loc\vendor\workplace\core\Router.php | Строка: 49
--------------------
[2022-02-21 20:15:49] Текст ошибки: Страница не найдена | Файл: F:\WebServer\domains\workplace.loc\vendor\workplace\core\Router.php | Строка: 49
--------------------
[2022-02-21 20:15:49] Текст ошибки: Страница не найдена | Файл: F:\WebServer\domains\workplace.loc\vendor\workplace\core\Router.php | Строка: 49
--------------------
[2022-02-21 20:15:49] Текст ошибки: Страница не найдена | Файл: F:\WebServer\domains\workplace.loc\vendor\workplace\core\Router.php | Строка: 49
--------------------
[2022-02-21 20:15:50] Текст ошибки: Страница не найдена | Файл: F:\WebServer\domains\workplace.loc\vendor\workplace\core\Router.php | Строка: 49
--------------------
[2022-02-21 20:15:50] Текст ошибки: Страница не найдена | Файл: F:\WebServer\domains\workplace.loc\vendor\workplace\core\Router.php | Строка: 49
--------------------
[2022-02-21 20:15:50] Текст ошибки: Страница не найдена | Файл: F:\WebServer\domains\workplace.loc\vendor\workplace\core\Router.php | Строка: 49
--------------------
[2022-02-21 20:15:54] Текст ошибки: Страница не найдена | Файл: F:\WebServer\domains\workplace.loc\vendor\workplace\core\Router.php | Строка: 49
--------------------
[2022-02-21 20:15:54] Текст ошибки: Страница не найдена | Файл: F:\WebServer\domains\workplace.loc\vendor\workplace\core\Router.php | Строка: 49
--------------------
[2022-02-21 20:15:54] Текст ошибки: Страница не найдена | Файл: F:\WebServer\domains\workplace.loc\vendor\workplace\core\Router.php | Строка: 49
--------------------
[2022-02-21 20:15:55] Текст ошибки: Страница не найдена | Файл: F:\WebServer\domains\workplace.loc\vendor\workplace\core\Router.php | Строка: 49
--------------------
[2022-02-21 20:16:58] Текст ошибки: Страница не найдена | Файл: F:\WebServer\domains\workplace.loc\vendor\workplace\core\Router.php | Строка: 49
--------------------
[2022-02-21 20:16:58] Текст ошибки: Страница не найдена | Файл: F:\WebServer\domains\workplace.loc\vendor\workplace\core\Router.php | Строка: 49
--------------------
[2022-02-21 20:16:58] Текст ошибки: Страница не найдена | Файл: F:\WebServer\domains\workplace.loc\vendor\workplace\core\Router.php | Строка: 49
--------------------
[2022-02-21 20:16:58] Текст ошибки: Страница не найдена | Файл: F:\WebServer\domains\workplace.loc\vendor\workplace\core\Router.php | Строка: 49
--------------------
[2022-02-21 20:16:58] Текст ошибки: Страница не найдена | Файл: F:\WebServer\domains\workplace.loc\vendor\workplace\core\Router.php | Строка: 49
--------------------
[2022-02-21 20:16:58] Текст ошибки: Страница не найдена | Файл: F:\WebServer\domains\workplace.loc\vendor\workplace\core\Router.php | Строка: 49
--------------------
[2022-02-21 20:18:29] Текст ошибки: Страница не найдена | Файл: F:\WebServer\domains\workplace.loc\vendor\workplace\core\Router.php | Строка: 49
--------------------
[2022-02-21 20:18:29] Текст ошибки: Страница не найдена | Файл: F:\WebServer\domains\workplace.loc\vendor\workplace\core\Router.php | Строка: 49
--------------------
[2022-02-21 20:18:29] Текст ошибки: Страница не найдена | Файл: F:\WebServer\domains\workplace.loc\vendor\workplace\core\Router.php | Строка: 49
--------------------
[2022-02-21 20:18:29] Текст ошибки: Страница не найдена | Файл: F:\WebServer\domains\workplace.loc\vendor\workplace\core\Router.php | Строка: 49
--------------------
[2022-02-21 20:18:29] Текст ошибки: Страница не найдена | Файл: F:\WebServer\domains\workplace.loc\vendor\workplace\core\Router.php | Строка: 49
--------------------
[2022-02-21 20:20:10] Текст ошибки: Страница не найдена | Файл: F:\WebServer\domains\workplace.loc\vendor\workplace\core\Router.php | Строка: 49
--------------------
[2022-02-21 20:20:10] Текст ошибки: Страница не найдена | Файл: F:\WebServer\domains\workplace.loc\vendor\workplace\core\Router.php | Строка: 49
--------------------
[2022-02-21 20:20:10] Текст ошибки: Страница не найдена | Файл: F:\WebServer\domains\workplace.loc\vendor\workplace\core\Router.php | Строка: 49
--------------------
[2022-02-21 20:20:10] Текст ошибки: Страница не найдена | Файл: F:\WebServer\domains\workplace.loc\vendor\workplace\core\Router.php | Строка: 49
--------------------
[2022-02-21 20:20:10] Текст ошибки: Страница не найдена | Файл: F:\WebServer\domains\workplace.loc\vendor\workplace\core\Router.php | Строка: 49
--------------------
[2022-02-21 20:20:10] Текст ошибки: Страница не найдена | Файл: F:\WebServer\domains\workplace.loc\vendor\workplace\core\Router.php | Строка: 49
--------------------
[2022-02-21 20:22:22] Текст ошибки: Страница не найдена | Файл: F:\WebServer\domains\workplace.loc\vendor\workplace\core\Router.php | Строка: 49
--------------------
[2022-02-21 20:22:22] Текст ошибки: Страница не найдена | Файл: F:\WebServer\domains\workplace.loc\vendor\workplace\core\Router.php | Строка: 49
--------------------
[2022-02-21 20:22:22] Текст ошибки: Страница не найдена | Файл: F:\WebServer\domains\workplace.loc\vendor\workplace\core\Router.php | Строка: 49
--------------------
[2022-02-21 20:22:22] Текст ошибки: Страница не найдена | Файл: F:\WebServer\domains\workplace.loc\vendor\workplace\core\Router.php | Строка: 49
--------------------
[2022-02-21 20:22:22] Текст ошибки: Страница не найдена | Файл: F:\WebServer\domains\workplace.loc\vendor\workplace\core\Router.php | Строка: 49
--------------------
[2022-02-21 20:22:22] Текст ошибки: Страница не найдена | Файл: F:\WebServer\domains\workplace.loc\vendor\workplace\core\Router.php | Строка: 49
--------------------
[2022-02-21 20:23:38] Текст ошибки: Страница не найдена | Файл: F:\WebServer\domains\workplace.loc\vendor\workplace\core\Router.php | Строка: 49
--------------------
[2022-02-21 20:23:38] Текст ошибки: Страница не найдена | Файл: F:\WebServer\domains\workplace.loc\vendor\workplace\core\Router.php | Строка: 49
--------------------
[2022-02-21 20:23:38] Текст ошибки: Страница не найдена | Файл: F:\WebServer\domains\workplace.loc\vendor\workplace\core\Router.php | Строка: 49
--------------------
[2022-02-21 20:23:38] Текст ошибки: Страница не найдена | Файл: F:\WebServer\domains\workplace.loc\vendor\workplace\core\Router.php | Строка: 49
--------------------
[2022-02-21 20:23:39] Текст ошибки: Страница не найдена | Файл: F:\WebServer\domains\workplace.loc\vendor\workplace\core\Router.php | Строка: 49
--------------------
[2022-02-21 20:23:39] Текст ошибки: Страница не найдена | Файл: F:\WebServer\domains\workplace.loc\vendor\workplace\core\Router.php | Строка: 49
--------------------
[2022-02-22 15:33:58] Текст ошибки: Страница не найдена | Файл: F:\WebServer\domains\workplace.loc\vendor\workplace\core\Router.php | Строка: 49
--------------------
[2022-02-22 16:40:46] Текст ошибки: SQLSTATE[42000]: Syntax error or access violation: 1064 You have an error in your SQL syntax; check the manual that corresponds to your MySQL server version for the right syntax to use near '*'TOF00000113/2022'* LIMIT 1   -- keep-cache' at line 1 | Файл: F:\WebServer\domains\workplace.loc\vendor\gabordemooij\redbean\RedBeanPHP\Driver\RPDO.php | Строка: 202
--------------------
[2022-02-22 16:41:34] Текст ошибки: SQLSTATE[42000]: Syntax error or access violation: 1064 You have an error in your SQL syntax; check the manual that corresponds to your MySQL server version for the right syntax to use near '*'TOF00000113/2022'*  -- keep-cache' at line 1 | Файл: F:\WebServer\domains\workplace.loc\vendor\gabordemooij\redbean\RedBeanPHP\Driver\RPDO.php | Строка: 202
--------------------
[2022-02-22 16:48:54] Текст ошибки: SQLSTATE[42000]: Syntax error or access violation: 1064 You have an error in your SQL syntax; check the manual that corresponds to your MySQL server version for the right syntax to use near '%'TOF00000113/2022'%  -- keep-cache' at line 1 | Файл: F:\WebServer\domains\workplace.loc\vendor\gabordemooij\redbean\RedBeanPHP\Driver\RPDO.php | Строка: 202
--------------------
[2022-02-24 19:30:47] Текст ошибки: Страница не найдена | Файл: F:\WebServer\domains\workplace.loc\vendor\workplace\core\Router.php | Строка: 49
--------------------
[2022-02-24 19:31:44] Текст ошибки: Страница не найдена | Файл: F:\WebServer\domains\workplace.loc\vendor\workplace\core\Router.php | Строка: 49
--------------------
[2022-02-24 19:38:41] Текст ошибки: Страница не найдена | Файл: F:\WebServer\domains\workplace.loc\vendor\workplace\core\Router.php | Строка: 49
--------------------
[2022-02-24 19:42:01] Текст ошибки: Страница не найдена | Файл: F:\WebServer\domains\workplace.loc\vendor\workplace\core\Router.php | Строка: 49
--------------------
[2022-02-24 19:52:09] Текст ошибки: Страница не найдена | Файл: F:\WebServer\domains\workplace.loc\vendor\workplace\core\Router.php | Строка: 49
--------------------
[2022-02-24 19:52:38] Текст ошибки: Страница не найдена | Файл: F:\WebServer\domains\workplace.loc\vendor\workplace\core\Router.php | Строка: 49
--------------------
[2022-02-24 19:52:59] Текст ошибки: Страница не найдена | Файл: F:\WebServer\domains\workplace.loc\vendor\workplace\core\Router.php | Строка: 49
--------------------
[2022-03-04 20:21:34] Текст ошибки: syntax error, unexpected '*', expecting function (T_FUNCTION) or const (T_CONST) | Файл: F:\WebServer\domains\workplace.loc\app\controllers\MainController.php | Строка: 62
--------------------
[2022-03-04 20:21:35] Текст ошибки: Страница не найдена | Файл: F:\WebServer\domains\workplace.loc\vendor\workplace\core\Router.php | Строка: 49
--------------------
[2022-03-06 17:15:05] Текст ошибки: Метод app\controllers\MainController::payEnterAction не найден | Файл: F:\WebServer\domains\workplace.loc\vendor\workplace\core\Router.php | Строка: 42
--------------------
[2022-03-06 17:15:06] Текст ошибки: Страница не найдена | Файл: F:\WebServer\domains\workplace.loc\vendor\workplace\core\Router.php | Строка: 49
--------------------
[2022-03-06 17:29:53] Текст ошибки: Страница не найдена | Файл: F:\WebServer\domains\workplace.loc\vendor\workplace\core\Router.php | Строка: 49
--------------------
[2022-03-06 17:30:44] Текст ошибки: Страница не найдена | Файл: F:\WebServer\domains\workplace.loc\vendor\workplace\core\Router.php | Строка: 49
--------------------
[2022-03-06 17:31:01] Текст ошибки: Страница не найдена | Файл: F:\WebServer\domains\workplace.loc\vendor\workplace\core\Router.php | Строка: 49
--------------------
[2022-03-06 17:31:52] Текст ошибки: Страница не найдена | Файл: F:\WebServer\domains\workplace.loc\vendor\workplace\core\Router.php | Строка: 49
--------------------
[2022-03-06 17:32:08] Текст ошибки: Страница не найдена | Файл: F:\WebServer\domains\workplace.loc\vendor\workplace\core\Router.php | Строка: 49
--------------------
[2022-03-06 17:38:56] Текст ошибки: Страница не найдена | Файл: F:\WebServer\domains\workplace.loc\vendor\workplace\core\Router.php | Строка: 49
--------------------
[2022-03-06 17:42:55] Текст ошибки: Страница не найдена | Файл: F:\WebServer\domains\workplace.loc\vendor\workplace\core\Router.php | Строка: 49
--------------------
[2022-03-06 17:55:55] Текст ошибки: Страница не найдена | Файл: F:\WebServer\domains\workplace.loc\vendor\workplace\core\Router.php | Строка: 49
--------------------
[2022-03-06 17:56:37] Текст ошибки: Страница не найдена | Файл: F:\WebServer\domains\workplace.loc\vendor\workplace\core\Router.php | Строка: 49
--------------------
[2022-03-06 17:56:50] Текст ошибки: Страница не найдена | Файл: F:\WebServer\domains\workplace.loc\vendor\workplace\core\Router.php | Строка: 49
--------------------
[2022-03-06 17:57:45] Текст ошибки: Страница не найдена | Файл: F:\WebServer\domains\workplace.loc\vendor\workplace\core\Router.php | Строка: 49
--------------------
[2022-03-06 18:04:01] Текст ошибки: Страница не найдена | Файл: F:\WebServer\domains\workplace.loc\vendor\workplace\core\Router.php | Строка: 49
--------------------
[2022-03-06 18:13:51] Текст ошибки: Страница не найдена | Файл: F:\WebServer\domains\workplace.loc\vendor\workplace\core\Router.php | Строка: 49
--------------------
[2022-03-06 18:14:23] Текст ошибки: Страница не найдена | Файл: F:\WebServer\domains\workplace.loc\vendor\workplace\core\Router.php | Строка: 49
--------------------
[2022-03-08 16:17:45] Текст ошибки: Страница не найдена | Файл: F:\WebServer\domains\workplace.loc\vendor\workplace\core\Router.php | Строка: 49
--------------------
[2022-03-08 16:23:57] Текст ошибки: Страница не найдена | Файл: F:\WebServer\domains\workplace.loc\vendor\workplace\core\Router.php | Строка: 49
--------------------
[2022-03-08 16:25:01] Текст ошибки: Страница не найдена | Файл: F:\WebServer\domains\workplace.loc\vendor\workplace\core\Router.php | Строка: 49
--------------------
[2022-03-08 16:25:41] Текст ошибки: Страница не найдена | Файл: F:\WebServer\domains\workplace.loc\vendor\workplace\core\Router.php | Строка: 49
--------------------
[2022-03-08 16:26:00] Текст ошибки: Страница не найдена | Файл: F:\WebServer\domains\workplace.loc\vendor\workplace\core\Router.php | Строка: 49
--------------------
[2022-03-08 16:26:47] Текст ошибки: Страница не найдена | Файл: F:\WebServer\domains\workplace.loc\vendor\workplace\core\Router.php | Строка: 49
--------------------
[2022-03-08 16:34:19] Текст ошибки: Страница не найдена | Файл: F:\WebServer\domains\workplace.loc\vendor\workplace\core\Router.php | Строка: 49
--------------------
[2022-03-08 16:45:16] Текст ошибки: Страница не найдена | Файл: F:\WebServer\domains\workplace.loc\vendor\workplace\core\Router.php | Строка: 49
--------------------
[2022-03-08 16:50:24] Текст ошибки: Страница не найдена | Файл: F:\WebServer\domains\workplace.loc\vendor\workplace\core\Router.php | Строка: 49
--------------------
[2022-03-08 16:51:10] Текст ошибки: Страница не найдена | Файл: F:\WebServer\domains\workplace.loc\vendor\workplace\core\Router.php | Строка: 49
--------------------
[2022-03-08 16:53:16] Текст ошибки: Страница не найдена | Файл: F:\WebServer\domains\workplace.loc\vendor\workplace\core\Router.php | Строка: 49
--------------------
[2022-03-08 16:55:54] Текст ошибки: Страница не найдена | Файл: F:\WebServer\domains\workplace.loc\vendor\workplace\core\Router.php | Строка: 49
--------------------
[2022-03-08 16:57:50] Текст ошибки: Страница не найдена | Файл: F:\WebServer\domains\workplace.loc\vendor\workplace\core\Router.php | Строка: 49
--------------------
[2022-03-08 17:00:34] Текст ошибки: Страница не найдена | Файл: F:\WebServer\domains\workplace.loc\vendor\workplace\core\Router.php | Строка: 49
--------------------
[2022-03-08 17:01:11] Текст ошибки: Страница не найдена | Файл: F:\WebServer\domains\workplace.loc\vendor\workplace\core\Router.php | Строка: 49
--------------------
[2022-03-08 17:06:41] Текст ошибки: Страница не найдена | Файл: F:\WebServer\domains\workplace.loc\vendor\workplace\core\Router.php | Строка: 49
--------------------
[2022-03-08 17:08:07] Текст ошибки: Страница не найдена | Файл: F:\WebServer\domains\workplace.loc\vendor\workplace\core\Router.php | Строка: 49
--------------------
[2022-03-08 17:09:39] Текст ошибки: Страница не найдена | Файл: F:\WebServer\domains\workplace.loc\vendor\workplace\core\Router.php | Строка: 49
--------------------
[2022-03-10 17:48:03] Текст ошибки: SQLSTATE[42S02]: Base table or view not found: 1146 Table 'workplace.budget' doesn't exist | Файл: F:\WebServer\domains\workplace.loc\vendor\gabordemooij\redbean\RedBeanPHP\Driver\RPDO.php | Строка: 202
--------------------
[2022-03-10 17:48:03] Текст ошибки: Страница не найдена | Файл: F:\WebServer\domains\workplace.loc\vendor\workplace\core\Router.php | Строка: 49
--------------------
[2022-03-12 16:25:09] Текст ошибки: Страница не найдена | Файл: F:\WebServer\domains\workplace.loc\vendor\workplace\core\Router.php | Строка: 49
--------------------
[2022-03-12 16:29:42] Текст ошибки: Страница не найдена | Файл: F:\WebServer\domains\workplace.loc\vendor\workplace\core\Router.php | Строка: 49
--------------------
[2022-03-12 16:29:44] Текст ошибки: Страница не найдена | Файл: F:\WebServer\domains\workplace.loc\vendor\workplace\core\Router.php | Строка: 49
--------------------
[2022-03-12 16:30:32] Текст ошибки: Страница не найдена | Файл: F:\WebServer\domains\workplace.loc\vendor\workplace\core\Router.php | Строка: 49
--------------------
[2022-03-12 16:30:38] Текст ошибки: Страница не найдена | Файл: F:\WebServer\domains\workplace.loc\vendor\workplace\core\Router.php | Строка: 49
--------------------
[2022-03-12 16:30:45] Текст ошибки: Страница не найдена | Файл: F:\WebServer\domains\workplace.loc\vendor\workplace\core\Router.php | Строка: 49
--------------------
[2022-03-12 16:35:11] Текст ошибки: Страница не найдена | Файл: F:\WebServer\domains\workplace.loc\vendor\workplace\core\Router.php | Строка: 49
--------------------
[2022-03-12 16:36:45] Текст ошибки: Страница не найдена | Файл: F:\WebServer\domains\workplace.loc\vendor\workplace\core\Router.php | Строка: 49
--------------------
[2022-03-19 07:17:33] Текст ошибки: Страница не найдена | Файл: F:\WebServer\domains\workplace.loc\vendor\workplace\core\Router.php | Строка: 49
--------------------
[2022-03-19 07:18:02] Текст ошибки: Страница не найдена | Файл: F:\WebServer\domains\workplace.loc\vendor\workplace\core\Router.php | Строка: 49
--------------------
[2022-03-20 16:07:41] Текст ошибки: syntax error, unexpected '?>' | Файл: F:\WebServer\domains\workplace.loc\app\views\Budget\index.php | Строка: 97
--------------------
[2022-03-20 16:07:42] Текст ошибки: Страница не найдена | Файл: F:\WebServer\domains\workplace.loc\vendor\workplace\core\Router.php | Строка: 49
--------------------
[2022-03-21 18:39:51] Текст ошибки: Метод app\controllers\BudgetController::viewAction не найден | Файл: F:\WebServer\domains\workplace.loc\vendor\workplace\core\Router.php | Строка: 42
--------------------
[2022-03-21 18:39:52] Текст ошибки: Страница не найдена | Файл: F:\WebServer\domains\workplace.loc\vendor\workplace\core\Router.php | Строка: 49
--------------------
[2022-03-24 18:35:21] Текст ошибки: Метод app\controllers\ErController::viewAction не найден | Файл: F:\WebServer\domains\workplace.loc\vendor\workplace\core\Router.php | Строка: 42
--------------------
[2022-03-24 18:45:17] Текст ошибки: SQLSTATE[42S22]: Column not found: 1054 Unknown column 'num_er' in 'where clause' | Файл: F:\WebServer\domains\workplace.loc\vendor\gabordemooij\redbean\RedBeanPHP\Driver\RPDO.php | Строка: 202
--------------------
[2022-03-24 18:46:50] Текст ошибки: SQLSTATE[42000]: Syntax error or access violation: 1064 You have an error in your SQL syntax; check the manual that corresponds to your MySQL server version for the right syntax to use near '%'0014/112021ТЛТ'%  -- keep-cache' at line 1 | Файл: F:\WebServer\domains\workplace.loc\vendor\gabordemooij\redbean\RedBeanPHP\Driver\RPDO.php | Строка: 202
--------------------
[2022-03-26 19:09:01] Текст ошибки: Страница не найдена | Файл: F:\WebServer\domains\workplace.loc\vendor\workplace\core\Router.php | Строка: 49
--------------------
[2022-03-26 19:10:53] Текст ошибки: Страница не найдена | Файл: F:\WebServer\domains\workplace.loc\vendor\workplace\core\Router.php | Строка: 49
--------------------
[2022-03-26 21:14:06] Текст ошибки: Страница не найдена | Файл: F:\WebServer\domains\workplace.loc\vendor\workplace\core\Router.php | Строка: 49
--------------------
[2022-03-26 21:22:19] Текст ошибки: Страница не найдена | Файл: F:\WebServer\domains\workplace.loc\vendor\workplace\core\Router.php | Строка: 49
--------------------
[2022-03-27 12:56:32] Текст ошибки: Страница не найдена | Файл: F:\WebServer\domains\workplace.loc\vendor\workplace\core\Router.php | Строка: 49
--------------------
[2022-03-27 12:57:39] Текст ошибки: Страница не найдена | Файл: F:\WebServer\domains\workplace.loc\vendor\workplace\core\Router.php | Строка: 49
--------------------
[2022-03-27 12:57:40] Текст ошибки: Страница не найдена | Файл: F:\WebServer\domains\workplace.loc\vendor\workplace\core\Router.php | Строка: 49
--------------------
[2022-03-27 12:58:23] Текст ошибки: Страница не найдена | Файл: F:\WebServer\domains\workplace.loc\vendor\workplace\core\Router.php | Строка: 49
--------------------
[2022-03-27 12:59:24] Текст ошибки: Страница не найдена | Файл: F:\WebServer\domains\workplace.loc\vendor\workplace\core\Router.php | Строка: 49
--------------------
[2022-03-27 13:00:48] Текст ошибки: Страница не найдена | Файл: F:\WebServer\domains\workplace.loc\vendor\workplace\core\Router.php | Строка: 49
--------------------
[2022-03-27 13:00:59] Текст ошибки: Страница не найдена | Файл: F:\WebServer\domains\workplace.loc\vendor\workplace\core\Router.php | Строка: 49
--------------------
[2022-03-27 13:02:05] Текст ошибки: Страница не найдена | Файл: F:\WebServer\domains\workplace.loc\vendor\workplace\core\Router.php | Строка: 49
--------------------
[2022-03-27 16:01:17] Текст ошибки: Cannot use object of type app\models\Budget as array | Файл: F:\WebServer\domains\workplace.loc\app\controllers\BudgetController.php | Строка: 114
--------------------
[2022-03-27 16:01:17] Текст ошибки: Страница не найдена | Файл: F:\WebServer\domains\workplace.loc\vendor\workplace\core\Router.php | Строка: 49
--------------------
[2022-03-27 16:03:21] Текст ошибки: Cannot use object of type app\models\Budget as array | Файл: F:\WebServer\domains\workplace.loc\app\views\Budget\view.php | Строка: 11
--------------------
[2022-03-27 16:03:21] Текст ошибки: Страница не найдена | Файл: F:\WebServer\domains\workplace.loc\vendor\workplace\core\Router.php | Строка: 49
--------------------
[2022-03-27 16:06:08] Текст ошибки: Cannot use object of type app\models\Budget as array | Файл: F:\WebServer\domains\workplace.loc\app\views\Budget\view.php | Строка: 11
--------------------
[2022-03-27 16:06:08] Текст ошибки: Страница не найдена | Файл: F:\WebServer\domains\workplace.loc\vendor\workplace\core\Router.php | Строка: 49
--------------------
[2022-03-27 16:08:02] Текст ошибки: Cannot use object of type app\models\Budget as array | Файл: F:\WebServer\domains\workplace.loc\app\views\Budget\view.php | Строка: 30
--------------------
[2022-03-27 16:08:02] Текст ошибки: Страница не найдена | Файл: F:\WebServer\domains\workplace.loc\vendor\workplace\core\Router.php | Строка: 49
--------------------
[2022-03-27 16:09:43] Текст ошибки: Unsupported operand types | Файл: F:\WebServer\domains\workplace.loc\app\views\Budget\view.php | Строка: 36
--------------------
[2022-03-27 16:09:43] Текст ошибки: Страница не найдена | Файл: F:\WebServer\domains\workplace.loc\vendor\workplace\core\Router.php | Строка: 49
--------------------
[2022-03-27 16:11:15] Текст ошибки: Cannot use object of type app\models\Budget as array | Файл: F:\WebServer\domains\workplace.loc\app\views\Budget\view.php | Строка: 61
--------------------
[2022-03-27 16:11:15] Текст ошибки: Страница не найдена | Файл: F:\WebServer\domains\workplace.loc\vendor\workplace\core\Router.php | Строка: 49
--------------------
